DEBUG: Using RE2 as regex engine
DEBUG: Parsing configs
DEBUG: Checking for config file in Z:\var\tmp\carlos/config.js
DEBUG: File config
       "config": {
         "platform": "github",
         "gitAuthor": "renovate-bot <renovate@jpson>",
         "enabledManagers": ["regex"],
         "logLevel": "debug",
         "token": "***********",
         "dependencyDashboardTitle": "[renovate-bot] Update Dependencies",
         "repositories": ["jschoombee/renovate"]
       }
DEBUG: CLI config
       "config": {}
DEBUG: Env config
       "config": {"hostRules": []}
DEBUG: Combined config
       "config": {
         "platform": "github",
         "gitAuthor": "renovate-bot <renovate@jpson>",
         "enabledManagers": ["regex"],
         "logLevel": "debug",
         "token": "***********",
         "dependencyDashboardTitle": "[renovate-bot] Update Dependencies",
         "repositories": ["jschoombee/renovate"],
         "hostRules": []
       }
DEBUG: Found valid git version: 2.34.1.windows.1
DEBUG: Using default github endpoint: https://api.github.com/
DEBUG: Platform config
       "platformConfig": {
         "hostType": "github",
         "endpoint": "https://api.github.com/",
         "isGHApp": false,
         "isGhe": false
       },
       "renovateUsername": "jschoombee"
DEBUG: Using configured gitAuthor (renovate-bot <renovate@jpson>)
DEBUG: Adding token authentication for api.github.com to hostRules
DEBUG: Using baseDir: C:/Users/jscho/AppData/Local/Temp/renovate
DEBUG: Using cacheDir: C:/Users/jscho/AppData/Local/Temp/renovate/cache
DEBUG: Initializing Renovate internal cache into C:/Users/jscho/AppData/Local/Temp/renovate/cache/renovate/renovate-cache-v1
DEBUG: Commits limit = null
DEBUG: Setting global hostRules
DEBUG: Adding token authentication for api.github.com to hostRules
DEBUG: validatePresets()
DEBUG: Reinitializing hostRules for repo
DEBUG: Clearing hostRules
DEBUG: Adding token authentication for api.github.com to hostRules
 INFO: Repository started (repository=jschoombee/renovate)
       "renovateVersion": "32.6.2"
DEBUG: Using localDir: C:/Users/jscho/AppData/Local/Temp/renovate/repos/github/jschoombee/renovate (repository=jschoombee/renovate)
DEBUG: initRepo("jschoombee/renovate") (repository=jschoombee/renovate)
DEBUG: Overriding default GitHub endpoint (repository=jschoombee/renovate)
       "endpoint": "https://api.github.com/"
DEBUG: jschoombee/renovate default branch = main (repository=jschoombee/renovate)
DEBUG: Using personal access token for git init (repository=jschoombee/renovate)
DEBUG: resetMemCache() (repository=jschoombee/renovate)
DEBUG: Resetting npmrc (repository=jschoombee/renovate)
DEBUG: detectSemanticCommits() (repository=jschoombee/renovate)
DEBUG: Initializing git repository into C:/Users/jscho/AppData/Local/Temp/renovate/repos/github/jschoombee/renovate (repository=jschoombee/renovate)
DEBUG: Performing blobless clone (repository=jschoombee/renovate)
DEBUG: git clone completed (repository=jschoombee/renovate)
       "durationMs": 2176
DEBUG: latest repository commit (repository=jschoombee/renovate)
       "latestCommit": {
         "hash": "fbba65f942d733e840afe635c92761a83057b897",
         "date": "2022-03-17T17:12:31+01:00",
         "message": "Merge pull request #9 from jschoombee/b2",
         "refs": "HEAD -> main, origin/main, origin/HEAD",
         "body": "Update for the win",
         "author_name": "jschoombee",
         "author_email": "jpschoo@amazon.com"
       }
DEBUG: getCommitMessages (repository=jschoombee/renovate)
DEBUG: Semantic commits detection: unknown (repository=jschoombee/renovate)
DEBUG: No semantic commits detected (repository=jschoombee/renovate)
DEBUG: checkOnboarding() (repository=jschoombee/renovate)
DEBUG: isOnboarded() (repository=jschoombee/renovate)
DEBUG: findFile(renovate.json) (repository=jschoombee/renovate)
DEBUG: Config file exists (repository=jschoombee/renovate)
       "fileName": "renovate.json"
DEBUG: Retrieving issueList (repository=jschoombee/renovate)
DEBUG: Retrieved 1 issues (repository=jschoombee/renovate)
DEBUG: Repo is onboarded (repository=jschoombee/renovate)
DEBUG: Found renovate.json config file (repository=jschoombee/renovate)
DEBUG: Repository config (repository=jschoombee/renovate)
       "fileName": "renovate.json",
       "config": {
         "$schema": "https://docs.renovatebot.com/renovate-schema.json",
         "extends": ["regexManagers:dockerfileVersions"],
         "timezone": "Europe/Amsterdam",
         "schedule": ["every weekday"],
         "baseBranches": ["main"],
         "gitAuthor": "RenovateBot <bot@me.com>",
         "reviewers": ["jp.schoombee@gmail.com"],
         "regexManagers": [
           {
             "fileMatch": ["release\\.version$"],
             "matchStrings": [
               "^client: (?<currentDigest>.+) # renovate: Environment=(?<depName>.*)"
             ],
             "datasourceTemplate": "git-refs",
             "lookupNameTemplate": "https://jschoombee@github.com/jschoombee/renovate.git",
             "currentValueTemplate": "main",
             "versioningTemplate": "git",
             "depNameTemplate": "sha-checker"
           }
         ],
         "packageRules": []
       }
DEBUG: migrateAndValidate() (repository=jschoombee/renovate)
DEBUG: Config migration necessary (repository=jschoombee/renovate)
       "oldConfig": {
         "$schema": "https://docs.renovatebot.com/renovate-schema.json",
         "extends": ["regexManagers:dockerfileVersions"],
         "timezone": "Europe/Amsterdam",
         "schedule": ["every weekday"],
         "baseBranches": ["main"],
         "gitAuthor": "RenovateBot <bot@me.com>",
         "reviewers": ["jp.schoombee@gmail.com"],
         "regexManagers": [
           {
             "fileMatch": ["release\\.version$"],
             "matchStrings": [
               "^client: (?<currentDigest>.+) # renovate: Environment=(?<depName>.*)"
             ],
             "datasourceTemplate": "git-refs",
             "lookupNameTemplate": "https://jschoombee@github.com/jschoombee/renovate.git",
             "currentValueTemplate": "main",
             "versioningTemplate": "git",
             "depNameTemplate": "sha-checker"
           }
         ],
         "packageRules": []
       },
       "newConfig": {
         "$schema": "https://docs.renovatebot.com/renovate-schema.json",
         "extends": ["regexManagers:dockerfileVersions"],
         "timezone": "Europe/Amsterdam",
         "schedule": ["every weekday"],
         "baseBranches": ["main"],
         "gitAuthor": "RenovateBot <bot@me.com>",
         "reviewers": ["jp.schoombee@gmail.com"],
         "regexManagers": [
           {
             "fileMatch": ["release\\.version$"],
             "matchStrings": [
               "^client: (?<currentDigest>.+) # renovate: Environment=(?<depName>.*)"
             ],
             "datasourceTemplate": "git-refs",
             "packageNameTemplate": "https://jschoombee@github.com/jschoombee/renovate.git",
             "currentValueTemplate": "main",
             "versioningTemplate": "git",
             "depNameTemplate": "sha-checker"
           }
         ],
         "packageRules": []
       }
DEBUG: massaged config (repository=jschoombee/renovate)
       "config": {
         "$schema": "https://docs.renovatebot.com/renovate-schema.json",
         "extends": ["regexManagers:dockerfileVersions"],
         "timezone": "Europe/Amsterdam",
         "schedule": ["every weekday"],
         "baseBranches": ["main"],
         "gitAuthor": "RenovateBot <bot@me.com>",
         "reviewers": ["jp.schoombee@gmail.com"],
         "regexManagers": [
           {
             "fileMatch": ["release\\.version$"],
             "matchStrings": [
               "^client: (?<currentDigest>.+) # renovate: Environment=(?<depName>.*)"
             ],
             "datasourceTemplate": "git-refs",
             "packageNameTemplate": "https://jschoombee@github.com/jschoombee/renovate.git",
             "currentValueTemplate": "main",
             "versioningTemplate": "git",
             "depNameTemplate": "sha-checker"
           }
         ],
         "packageRules": []
       }
DEBUG: migrated config (repository=jschoombee/renovate)
       "config": {
         "$schema": "https://docs.renovatebot.com/renovate-schema.json",
         "extends": ["regexManagers:dockerfileVersions"],
         "timezone": "Europe/Amsterdam",
         "schedule": ["every weekday"],
         "baseBranches": ["main"],
         "gitAuthor": "RenovateBot <bot@me.com>",
         "reviewers": ["jp.schoombee@gmail.com"],
         "regexManagers": [
           {
             "fileMatch": ["release\\.version$"],
             "matchStrings": [
               "^client: (?<currentDigest>.+) # renovate: Environment=(?<depName>.*)"
             ],
             "datasourceTemplate": "git-refs",
             "packageNameTemplate": "https://jschoombee@github.com/jschoombee/renovate.git",
             "currentValueTemplate": "main",
             "versioningTemplate": "git",
             "depNameTemplate": "sha-checker"
           }
         ],
         "packageRules": []
       }
DEBUG: Found repo ignorePaths (repository=jschoombee/renovate)
       "ignorePaths": ["**/node_modules/**", "**/bower_components/**"]
DEBUG: No vulnerability alerts found (repository=jschoombee/renovate)
DEBUG: No vulnerability alerts found (repository=jschoombee/renovate)
DEBUG: baseBranches (repository=jschoombee/renovate)
       "baseBranches": ["main"]
DEBUG: baseBranch: main (repository=jschoombee/renovate)
DEBUG: extract() (repository=jschoombee/renovate)
DEBUG: Setting current branch to main (repository=jschoombee/renovate)
DEBUG: latest commit (repository=jschoombee/renovate)
       "branchName": "main",
       "latestCommitDate": "2022-03-17T17:12:31+01:00"
DEBUG: Applying enabledManagers filtering (repository=jschoombee/renovate)
DEBUG: Using file match: (^|/|\.)Dockerfile$ for manager regex (repository=jschoombee/renovate)
DEBUG: Using file match: (^|/)Dockerfile\.[^/]*$ for manager regex (repository=jschoombee/renovate)
DEBUG: Using file match: release\.version$ for manager regex (repository=jschoombee/renovate)
DEBUG: Matched 2 file(s) for manager regex: release.version, test/release.version (repository=jschoombee/renovate)
DEBUG: Found regex package files (repository=jschoombee/renovate)
DEBUG: Found 1 package file(s) (repository=jschoombee/renovate)
 INFO: Dependency extraction complete (repository=jschoombee/renovate)
       "baseBranch": "main",
       "stats": {
         "managers": {"regex": {"fileCount": 1, "depCount": 1}},
         "total": {"fileCount": 1, "depCount": 1}
       }
DEBUG: baseBranch: main (repository=jschoombee/renovate)
DEBUG: Dependency sha-checker has unsupported value main (repository=jschoombee/renovate)
DEBUG: Package releases lookups complete (repository=jschoombee/renovate)
       "baseBranch": "main"
DEBUG: branchifyUpgrades (repository=jschoombee/renovate)
DEBUG: 1 flattened updates found: sha-checker (repository=jschoombee/renovate)
DEBUG: Returning 1 branch(es) (repository=jschoombee/renovate)
DEBUG: config.repoIsOnboarded=true (repository=jschoombee/renovate)
DEBUG: packageFiles with updates (repository=jschoombee/renovate)
       "config": {
         "regex": [
           {
             "packageFile": "release.version",
             "deps": [
               {
                 "depName": "sha-checker",
                 "packageName": "https://jschoombee@github.com/jschoombee/renovate.git",
                 "currentValue": "main",
                 "currentDigest": "c740bacaa78ba7836823279b3bc86f360102e6f9",
                 "datasource": "git-refs",
                 "versioning": "git",
                 "replaceString": "client: c740bacaa78ba7836823279b3bc86f360102e6f9 # renovate: Environment=valhalla-whitelabel-dev",
                 "depIndex": 0,
                 "updates": [
                   {
                     "updateType": "digest",
                     "newValue": "main",
                     "newDigest": "fbba65f942d733e840afe635c92761a83057b897",
                     "branchName": "renovate/sha-checker-digest"
                   }
                 ],
                 "warnings": []
               }
             ],
             "matchStrings": [
               "^client: (?<currentDigest>.+) # renovate: Environment=(?<depName>.*)"
             ],
             "depNameTemplate": "sha-checker",
             "packageNameTemplate": "https://jschoombee@github.com/jschoombee/renovate.git",
             "currentValueTemplate": "main",
             "datasourceTemplate": "git-refs",
             "versioningTemplate": "git"
           }
         ]
       }
DEBUG: processRepo() (repository=jschoombee/renovate)
DEBUG: Processing 1 branch: renovate/sha-checker-digest (repository=jschoombee/renovate)
DEBUG: Calculated maximum PRs remaining this run (repository=jschoombee/renovate)
       "prsRemaining": 99
DEBUG: PullRequests limit = 99 (repository=jschoombee/renovate)
DEBUG: Calculated maximum branches remaining this run (repository=jschoombee/renovate)
       "branchesRemaining": 99
DEBUG: Branches limit = 99 (repository=jschoombee/renovate)
DEBUG: Setting current branch to main (repository=jschoombee/renovate, branch=renovate/sha-checker-digest)
DEBUG: latest commit (repository=jschoombee/renovate, branch=renovate/sha-checker-digest)
       "branchName": "main",
       "latestCommitDate": "2022-03-17T17:12:31+01:00"
DEBUG: getBranchPr(renovate/sha-checker-digest) (repository=jschoombee/renovate, branch=renovate/sha-checker-digest)
DEBUG: findPr(renovate/sha-checker-digest, undefined, open) (repository=jschoombee/renovate, branch=renovate/sha-checker-digest)
DEBUG: Retrieving PR list (repository=jschoombee/renovate, branch=renovate/sha-checker-digest)
DEBUG: Retrieved 8 Pull Requests (repository=jschoombee/renovate, branch=renovate/sha-checker-digest)
DEBUG: Found PR #8 (repository=jschoombee/renovate, branch=renovate/sha-checker-digest)
DEBUG: Returning from graphql open PR list (repository=jschoombee/renovate, branch=renovate/sha-checker-digest)
DEBUG: branchExists=true (repository=jschoombee/renovate, branch=renovate/sha-checker-digest)
DEBUG: dependencyDashboardCheck=undefined (repository=jschoombee/renovate, branch=renovate/sha-checker-digest)
DEBUG: PR rebase requested=false (repository=jschoombee/renovate, branch=renovate/sha-checker-digest)
DEBUG: Checking if PR has been edited (repository=jschoombee/renovate, branch=renovate/sha-checker-digest)
DEBUG: Branch has not been modified (repository=jschoombee/renovate, branch=renovate/sha-checker-digest)
       "branchName": "renovate/sha-checker-digest"
DEBUG: Found existing branch PR (repository=jschoombee/renovate, branch=renovate/sha-checker-digest)
DEBUG: Checking schedule(every weekday, Europe/Amsterdam) (repository=jschoombee/renovate, branch=renovate/sha-checker-digest)
DEBUG: Found timezone (repository=jschoombee/renovate, branch=renovate/sha-checker-digest)
       "timezone": "Europe/Amsterdam"
DEBUG: Adjusting now for timezone (repository=jschoombee/renovate, branch=renovate/sha-checker-digest)
DEBUG: Checking 1 schedule(s) (repository=jschoombee/renovate, branch=renovate/sha-checker-digest)
DEBUG: Checking schedule "every weekday" (repository=jschoombee/renovate, branch=renovate/sha-checker-digest)
       "parsedSchedule": {"schedules": [{"d": [2, 3, 4, 5, 6]}], "exceptions": [], "error": -1}
DEBUG: Matches schedule every weekday (repository=jschoombee/renovate, branch=renovate/sha-checker-digest)
DEBUG: Branch already exists (repository=jschoombee/renovate, branch=renovate/sha-checker-digest)
DEBUG: GitHub 404 (repository=jschoombee/renovate, branch=renovate/sha-checker-digest)
       "url": "repos/jschoombee/renovate/branches/main/protection"
DEBUG: No branch protection found (repository=jschoombee/renovate, branch=renovate/sha-checker-digest)
DEBUG: Skipping stale branch check due to rebaseWhen=auto (repository=jschoombee/renovate, branch=renovate/sha-checker-digest)
DEBUG: isBranchConflicted(main, renovate/sha-checker-digest) (repository=jschoombee/renovate, branch=renovate/sha-checker-digest)
DEBUG: Setting git author name (repository=jschoombee/renovate, branch=renovate/sha-checker-digest)
       "gitAuthorName": "RenovateBot"
DEBUG: Setting git author email (repository=jschoombee/renovate, branch=renovate/sha-checker-digest)
       "gitAuthorEmail": "bot@me.com"
DEBUG: Branch does not need rebasing (repository=jschoombee/renovate, branch=renovate/sha-checker-digest)
DEBUG: Using reuseExistingBranch: true (repository=jschoombee/renovate, branch=renovate/sha-checker-digest)
DEBUG: manager.getUpdatedPackageFiles() reuseExistinbranch=true (repository=jschoombee/renovate, branch=renovate/sha-checker-digest)
DEBUG: Rebasing after outdated branch dep found (repository=jschoombee/renovate, packageFile=release.version, branch=renovate/sha-checker-digest)
       "depName": "sha-checker"
DEBUG: manager.getUpdatedPackageFiles() reuseExistinbranch=false (repository=jschoombee/renovate, branch=renovate/sha-checker-digest)
DEBUG: Starting search at index 0 (repository=jschoombee/renovate, packageFile=release.version, branch=renovate/sha-checker-digest)
       "depName": "sha-checker"
DEBUG: Found match at index 0 (repository=jschoombee/renovate, packageFile=release.version, branch=renovate/sha-checker-digest)
       "depName": "sha-checker"
DEBUG: Contents updated (repository=jschoombee/renovate, packageFile=release.version, branch=renovate/sha-checker-digest)
       "depName": "sha-checker"
DEBUG: Updated 1 package files (repository=jschoombee/renovate, branch=renovate/sha-checker-digest)
DEBUG: No updated lock files in branch (repository=jschoombee/renovate, branch=renovate/sha-checker-digest)
DEBUG: 1 file(s) to commit (repository=jschoombee/renovate, branch=renovate/sha-checker-digest)
DEBUG: Preparing files for committing to branch renovate/sha-checker-digest (repository=jschoombee/renovate, branch=renovate/sha-checker-digest)
DEBUG: git commit (repository=jschoombee/renovate, branch=renovate/sha-checker-digest)
       "deletedFiles": [],
       "ignoredFiles": [],
       "result": {
         "author": null,
         "branch": "renovate/sha-checker-digest",
         "commit": "23ee50c",
         "root": false,
         "summary": {"changes": 1, "insertions": 1, "deletions": 1}
       }
DEBUG: Pushing branch renovate/sha-checker-digest (repository=jschoombee/renovate, branch=renovate/sha-checker-digest)
DEBUG: git push (repository=jschoombee/renovate, branch=renovate/sha-checker-digest)
       "result": {
         "pushed": [],
         "branch": {
           "local": "renovate/sha-checker-digest",
           "remote": "renovate/sha-checker-digest",
           "remoteName": "origin"
         },
         "ref": {"local": "refs/remotes/origin/renovate/sha-checker-digest"},
         "remoteMessages": {"all": []}
       }
DEBUG: Fetching branch renovate/sha-checker-digest (repository=jschoombee/renovate, branch=renovate/sha-checker-digest)
 INFO: Branch updated (repository=jschoombee/renovate, branch=renovate/sha-checker-digest)
       "commitSha": "23ee50c8ce1184a1db7598cb14296fb8d18f6966"
DEBUG: Checking if we can automerge branch (repository=jschoombee/renovate, branch=renovate/sha-checker-digest)
DEBUG: mergeStatus=no automerge (repository=jschoombee/renovate, branch=renovate/sha-checker-digest)
DEBUG: Ensuring PR (repository=jschoombee/renovate, branch=renovate/sha-checker-digest)
DEBUG: There are 0 errors and 0 warnings (repository=jschoombee/renovate, branch=renovate/sha-checker-digest)
DEBUG: Found existing PR (repository=jschoombee/renovate, branch=renovate/sha-checker-digest)
DEBUG: Processing existing PR (repository=jschoombee/renovate, branch=renovate/sha-checker-digest)
DEBUG: PR title changed (repository=jschoombee/renovate, branch=renovate/sha-checker-digest)
       "branchName": "renovate/sha-checker-digest",
       "oldPrTitle": "Update sha-checker digest to 2d9624a",
       "newPrTitle": "Update sha-checker digest to fbba65f"
DEBUG: updatePr(8, Update sha-checker digest to fbba65f, body) (repository=jschoombee/renovate, branch=renovate/sha-checker-digest)
DEBUG: PR updated (repository=jschoombee/renovate, branch=renovate/sha-checker-digest)
       "pr": 8
 INFO: PR updated (repository=jschoombee/renovate, branch=renovate/sha-checker-digest)
       "pr": 8,
       "prTitle": "Update sha-checker digest to fbba65f"
DEBUG: PR is not configured for automerge (repository=jschoombee/renovate, branch=renovate/sha-checker-digest)
DEBUG: Closing Dependency Dashboard (repository=jschoombee/renovate)
DEBUG: Removing any stale branches (repository=jschoombee/renovate)
DEBUG: config.repoIsOnboarded=true (repository=jschoombee/renovate)
DEBUG: Branch lists (repository=jschoombee/renovate)
       "branchList": ["renovate/sha-checker-digest"],
       "renovateBranches": ["renovate/sha-checker-digest"]
DEBUG: remainingBranches= (repository=jschoombee/renovate)
DEBUG: No branches to clean up (repository=jschoombee/renovate)
DEBUG: Repository timing splits (milliseconds) (repository=jschoombee/renovate)
       "splits": {"init": 5848, "extract": 392, "lookup": 812, "update": 8475},
       "total": 15596
DEBUG: http statistics (repository=jschoombee/renovate)
       "urls": {
         "https://api.github.com/graphql (POST)": 4,
         "https://api.github.com/repos/jschoombee/renovate/pulls (GET)": 1,
         "https://api.github.com/repos/jschoombee/renovate/pulls/8 (PATCH)": 1
       },
       "hostStats": {"api.github.com": {"requestCount": 6, "requestAvgMs": 683, "queueAvgMs": 0}},
       "totalRequests": 6
 INFO: Repository finished (repository=jschoombee/renovate)
       "durationMs": 15596
DEBUG: Renovate exiting